#
# There is insufficient memory for the Java Runtime Environment to continue.
# Native memory allocation (malloc) failed to allocate 772496 bytes for Chunk::new
# Possible reasons:
#   The system is out of physical RAM or swap space
#   The process is running with CompressedOops enabled, and the Java Heap may be blocking the growth of the native heap
# Possible solutions:
#   Reduce memory load on the system
#   Increase physical memory or swap space
#   Check if swap backing store is full
#   Decrease Java heap size (-Xmx/-Xms)
#   Decrease number of Java threads
#   Decrease Java thread stack sizes (-Xss)
#   Set larger code cache with -XX:ReservedCodeCacheSize=
#   JVM is running with Unscaled Compressed Oops mode in which the Java heap is
#     placed in the first 4GB address space. The Java Heap base address is the
#     maximum limit for the native heap growth. Please use -XX:HeapBaseMinAddress
#     to set the Java Heap base and to place the Java Heap above 4GB virtual address.
# This output file may be truncated or incomplete.
#
#  Out of Memory Error (allocation.cpp:389), pid=15512, tid=0x000000000000391c
#
# JRE version: OpenJDK Runtime Environment (8.0_212-b04) (build 1.8.0_212-release-1586-b04)
# Java VM: OpenJDK 64-Bit Server VM (25.212-b04 mixed mode windows-amd64 compressed oops)
# Failed to write core dump. Minidumps are not enabled by default on client versions of Windows
#

---------------  T H R E A D  ---------------

Current thread (0x000000001847d800):  JavaThread "C2 CompilerThread0" daemon [_thread_in_native, id=14620, stack(0x0000000018d70000,0x0000000018e70000)]

Stack: [0x0000000018d70000,0x0000000018e70000]
[error occurred during error reporting (printing stack bounds), id 0xc0000005]

Native frames: (J=compiled Java code, j=interpreted, Vv=VM code, C=native code)


Current CompileTask:
C2:   2553 1459       4       java.net.URLClassLoader$1::run (5 bytes)


---------------  P R O C E S S  ---------------

Java Threads: ( => current thread )
  0x00000000195de800 JavaThread "Cache worker for journal cache (C:\Gradle\caches\journal-1)" [_thread_blocked, id=7556, stack(0x000000001d2c0000,0x000000001d3c0000)]
  0x00000000195dd000 JavaThread "File lock request listener" [_thread_in_native, id=18900, stack(0x000000001d1c0000,0x000000001d2c0000)]
  0x00000000195dc000 JavaThread "Cache worker for file hash cache (C:\Gradle\caches\5.6.4\fileHashes)" [_thread_blocked, id=13648, stack(0x000000001d0c0000,0x000000001d1c0000)]
  0x000000001ae5a000 JavaThread "Thread-9" [_thread_blocked, id=7808, stack(0x000000001cdc0000,0x000000001cec0000)]
  0x000000001ae43000 JavaThread "Stdin handler" [_thread_blocked, id=13404, stack(0x000000001ccc0000,0x000000001cdc0000)]
  0x000000001af82800 JavaThread "Asynchronous log dispatcher for DefaultDaemonConnection: socket connection from /127.0.0.1:53176 to /127.0.0.1:53177" [_thread_blocked, id=19464, stack(0x000000001cac0000,0x000000001cbc0000)]
  0x000000001af85800 JavaThread "Daemon worker" [_thread_in_native, id=20656, stack(0x000000001c9c0000,0x000000001cac0000)]
  0x000000001ae41800 JavaThread "Cancel handler" [_thread_blocked, id=19692, stack(0x000000001c8c0000,0x000000001c9c0000)]
  0x000000001ae31800 JavaThread "Handler for socket connection from /127.0.0.1:53176 to /127.0.0.1:53177" [_thread_in_native, id=12544, stack(0x000000001c5c0000,0x000000001c6c0000)]
  0x000000001ae2f000 JavaThread "Daemon" [_thread_blocked, id=19064, stack(0x000000001c4c0000,0x000000001c5c0000)]
  0x00000000194a7800 JavaThread "Daemon periodic checks" [_thread_blocked, id=14832, stack(0x000000001c3c0000,0x000000001c4c0000)]
  0x00000000194a1800 JavaThread "Incoming local TCP Connector on port 53176" [_thread_in_native, id=15708, stack(0x000000001c150000,0x000000001c250000)]
  0x0000000018776000 JavaThread "Daemon health stats" [_thread_blocked, id=7308, stack(0x000000001bb10000,0x000000001bc10000)]
  0x000000001851f800 JavaThread "Service Thread" daemon [_thread_blocked, id=19936, stack(0x0000000019170000,0x0000000019270000)]
  0x0000000018493000 JavaThread "C1 CompilerThread3" daemon [_thread_blocked, id=11428, stack(0x0000000019070000,0x0000000019170000)]
  0x000000001848f000 JavaThread "C2 CompilerThread2" daemon [_thread_blocked, id=13476, stack(0x0000000018f70000,0x0000000019070000)]
  0x0000000018482800 JavaThread "C2 CompilerThread1" daemon [_thread_blocked, id=7632, stack(0x0000000018e70000,0x0000000018f70000)]
=>0x000000001847d800 JavaThread "C2 CompilerThread0" daemon [_thread_in_native, id=14620, stack(0x0000000018d70000,0x0000000018e70000)]
  0x000000001847c000 JavaThread "Attach Listener" daemon [_thread_blocked, id=5968, stack(0x0000000018c70000,0x0000000018d70000)]
  0x000000001847b800 JavaThread "Signal Dispatcher" daemon [_thread_blocked, id=20320, stack(0x0000000018b70000,0x0000000018c70000)]
  0x00000000028ae000 JavaThread "Finalizer" daemon [_thread_blocked, id=14752, stack(0x0000000018950000,0x0000000018a50000)]
  0x00000000028a7000 JavaThread "Reference Handler" daemon [_thread_blocked, id=12080, stack(0x0000000018850000,0x0000000018950000)]
  0x000000000263e800 JavaThread "main" [_thread_blocked, id=3252, stack(0x00000000026b0000,0x00000000027b0000)]

Other Threads:
  0x0000000016666000 VMThread [stack: 0x0000000018350000,0x0000000018450000] [id=16548]
  0x0000000018520800 WatcherThread [stack: 0x0000000019270000,0x0000000019370000] [id=9252]

VM state:not at safepoint (normal execution)

VM Mutex/Monitor currently owned by a thread: None

heap address: 0x00000000a0000000, size: 1536 MB, Compressed Oops mode: 32-bit
Narrow klass base: 0x0000000000000000, Narrow klass shift: 3
Compressed class space size: 1073741824 Address: 0x0000000100000000

Heap:
 PSYoungGen      total 37888K, used 28239K [0x00000000e0000000, 0x00000000e4a00000, 0x0000000100000000)
  eden space 32768K, 70% used [0x00000000e0000000,0x00000000e1699860,0x00000000e2000000)
  from space 5120K, 99% used [0x00000000e2000000,0x00000000e24fa408,0x00000000e2500000)
  to   space 5120K, 0% used [0x00000000e4500000,0x00000000e4500000,0x00000000e4a00000)
 ParOldGen       total 86016K, used 1500K [0x00000000a0000000, 0x00000000a5400000, 0x00000000e0000000)
  object space 86016K, 1% used [0x00000000a0000000,0x00000000a01773a8,0x00000000a5400000)
 Metaspace       used 14472K, capacity 14890K, committed 14976K, reserved 1062912K
  class space    used 2001K, capacity 2131K, committed 2176K, reserved 1048576K

Card table byte_map: [0x0000000011c70000,0x0000000011f80000] byte_map_base: 0x0000000011770000

Marking Bits: (ParMarkBitMap*) 0x0000000052bd9f30
 Begin Bits: [0x0000000012980000, 0x0000000014180000)
 End Bits:   [0x0000000014180000, 0x0000000015980000)

Polling page: 0x0000000000db0000

CodeCache: size=245760Kb used=5194Kb max_used=5194Kb free=240565Kb
 bounds [0x00000000028b0000, 0x0000000002dd0000, 0x00000000118b0000]
 total_blobs=1850 nmethods=1466 adapters=297
 compilation: enabled

Compilation events (10 events):
Event: 2.542 Thread 0x0000000018493000 1462       3       org.gradle.internal.service.DefaultServiceRegistry::access$1000 (5 bytes)
Event: 2.542 Thread 0x0000000018493000 nmethod 1462 0x0000000002dc2a10 code [0x0000000002dc2b80, 0x0000000002dc2ce8]
Event: 2.542 Thread 0x0000000018493000 1463       3       org.gradle.internal.service.DefaultServiceRegistry$OwnServices$ProviderAnalyser::addProviderForClassHierarchy (16 bytes)
Event: 2.542 Thread 0x0000000018493000 nmethod 1463 0x0000000002dc2550 code [0x0000000002dc26c0, 0x0000000002dc2918]
Event: 2.548 Thread 0x0000000018493000 1465       3       java.lang.invoke.MethodTypeForm::canonicalizeAll (66 bytes)
Event: 2.548 Thread 0x0000000018493000 nmethod 1465 0x0000000002db3650 code [0x0000000002db3800, 0x0000000002db3e38]
Event: 2.548 Thread 0x0000000018493000 1467       3       java.lang.invoke.LambdaForm$BasicType::basicTypeChar (8 bytes)
Event: 2.549 Thread 0x0000000018493000 nmethod 1467 0x0000000002dc1850 code [0x0000000002dc19e0, 0x0000000002dc1de8]
Event: 2.549 Thread 0x0000000018493000 1464       3       java.lang.invoke.MethodType::checkRtype (6 bytes)
Event: 2.549 Thread 0x0000000018493000 nmethod 1464 0x0000000002db3150 code [0x0000000002db32c0, 0x0000000002db3548]

GC Heap History (6 events):
Event: 0.841 GC heap before
{Heap before GC invocations=1 (full 0):
 PSYoungGen      total 37888K, used 32768K [0x00000000e0000000, 0x00000000e2a00000, 0x0000000100000000)
  eden space 32768K, 100% used [0x00000000e0000000,0x00000000e2000000,0x00000000e2000000)
  from space 5120K, 0% used [0x00000000e2500000,0x00000000e2500000,0x00000000e2a00000)
  to   space 5120K, 0% used [0x00000000e2000000,0x00000000e2000000,0x00000000e2500000)
 ParOldGen       total 86016K, used 0K [0x00000000a0000000, 0x00000000a5400000, 0x00000000e0000000)
  object space 86016K, 0% used [0x00000000a0000000,0x00000000a0000000,0x00000000a5400000)
 Metaspace       used 7043K, capacity 7352K, committed 7680K, reserved 1056768K
  class space    used 857K, capacity 944K, committed 1024K, reserved 1048576K
Event: 0.847 GC heap after
Heap after GC invocations=1 (full 0):
 PSYoungGen      total 37888K, used 4341K [0x00000000e0000000, 0x00000000e2a00000, 0x0000000100000000)
  eden space 32768K, 0% used [0x00000000e0000000,0x00000000e0000000,0x00000000e2000000)
  from space 5120K, 84% used [0x00000000e2000000,0x00000000e243d520,0x00000000e2500000)
  to   space 5120K, 0% used [0x00000000e2500000,0x00000000e2500000,0x00000000e2a00000)
 ParOldGen       total 86016K, used 16K [0x00000000a0000000, 0x00000000a5400000, 0x00000000e0000000)
  object space 86016K, 0% used [0x00000000a0000000,0x00000000a0004000,0x00000000a5400000)
 Metaspace       used 7043K, capacity 7352K, committed 7680K, reserved 1056768K
  class space    used 857K, capacity 944K, committed 1024K, reserved 1048576K
}
Event: 1.217 GC heap before
{Heap before GC invocations=2 (full 0):
 PSYoungGen      total 37888K, used 37109K [0x00000000e0000000, 0x00000000e2a00000, 0x0000000100000000)
  eden space 32768K, 100% used [0x00000000e0000000,0x00000000e2000000,0x00000000e2000000)
  from space 5120K, 84% used [0x00000000e2000000,0x00000000e243d520,0x00000000e2500000)
  to   space 5120K, 0% used [0x00000000e2500000,0x00000000e2500000,0x00000000e2a00000)
 ParOldGen       total 86016K, used 16K [0x00000000a0000000, 0x00000000a5400000, 0x00000000e0000000)
  object space 86016K, 0% used [0x00000000a0000000,0x00000000a0004000,0x00000000a5400000)
 Metaspace       used 7451K, capacity 7794K, committed 7936K, reserved 1056768K
  class space    used 924K, capacity 985K, committed 1024K, reserved 1048576K
Event: 1.225 GC heap after
Heap after GC invocations=2 (full 0):
 PSYoungGen      total 37888K, used 3581K [0x00000000e0000000, 0x00000000e4a00000, 0x0000000100000000)
  eden space 32768K, 0% used [0x00000000e0000000,0x00000000e0000000,0x00000000e2000000)
  from space 5120K, 69% used [0x00000000e2500000,0x00000000e287f6e0,0x00000000e2a00000)
  to   space 5120K, 0% used [0x00000000e2000000,0x00000000e2000000,0x00000000e2500000)
 ParOldGen       total 86016K, used 24K [0x00000000a0000000, 0x00000000a5400000, 0x00000000e0000000)
  object space 86016K, 0% used [0x00000000a0000000,0x00000000a0006000,0x00000000a5400000)
 Metaspace       used 7451K, capacity 7794K, committed 7936K, reserved 1056768K
  class space    used 924K, capacity 985K, committed 1024K, reserved 1048576K
}
Event: 2.333 GC heap before
{Heap before GC invocations=3 (full 0):
 PSYoungGen      total 37888K, used 36349K [0x00000000e0000000, 0x00000000e4a00000, 0x0000000100000000)
  eden space 32768K, 100% used [0x00000000e0000000,0x00000000e2000000,0x00000000e2000000)
  from space 5120K, 69% used [0x00000000e2500000,0x00000000e287f6e0,0x00000000e2a00000)
  to   space 5120K, 0% used [0x00000000e2000000,0x00000000e2000000,0x00000000e2500000)
 ParOldGen       total 86016K, used 24K [0x00000000a0000000, 0x00000000a5400000, 0x00000000e0000000)
  object space 86016K, 0% used [0x00000000a0000000,0x00000000a0006000,0x00000000a5400000)
 Metaspace       used 12487K, capacity 12930K, committed 13184K, reserved 1060864K
  class space    used 1685K, capacity 1839K, committed 1920K, reserved 1048576K
Event: 2.341 GC heap after
Heap after GC invocations=3 (full 0):
 PSYoungGen      total 37888K, used 5097K [0x00000000e0000000, 0x00000000e4a00000, 0x0000000100000000)
  eden space 32768K, 0% used [0x00000000e0000000,0x00000000e0000000,0x00000000e2000000)
  from space 5120K, 99% used [0x00000000e2000000,0x00000000e24fa408,0x00000000e2500000)
  to   space 5120K, 0% used [0x00000000e4500000,0x00000000e4500000,0x00000000e4a00000)
 ParOldGen       total 86016K, used 1500K [0x00000000a0000000, 0x00000000a5400000, 0x00000000e0000000)
  object space 86016K, 1% used [0x00000000a0000000,0x00000000a01773a8,0x00000000a5400000)
 Metaspace       used 12487K, capacity 12930K, committed 13184K, reserved 1060864K
  class space    used 1685K, capacity 1839K, committed 1920K, reserved 1048576K
}

Deoptimization events (10 events):
Event: 2.115 Thread 0x000000001ae31800 Uncommon trap: reason=unstable_if action=reinterpret pc=0x0000000002c89870 method=java.util.concurrent.ConcurrentHashMap.putVal(Ljava/lang/Object;Ljava/lang/Object;Z)Ljava/lang/Object; @ 206
Event: 2.196 Thread 0x000000001af85800 Uncommon trap: reason=bimorphic action=maybe_recompile pc=0x0000000002aff7fc method=java.util.HashMap.putVal(ILjava/lang/Object;Ljava/lang/Object;ZZ)Ljava/lang/Object; @ 253
Event: 2.196 Thread 0x000000001af85800 Uncommon trap: reason=bimorphic action=maybe_recompile pc=0x0000000002aff7fc method=java.util.HashMap.putVal(ILjava/lang/Object;Ljava/lang/Object;ZZ)Ljava/lang/Object; @ 253
Event: 2.196 Thread 0x000000001af85800 Uncommon trap: reason=bimorphic action=maybe_recompile pc=0x0000000002aff7fc method=java.util.HashMap.putVal(ILjava/lang/Object;Ljava/lang/Object;ZZ)Ljava/lang/Object; @ 253
Event: 2.197 Thread 0x000000001af85800 Uncommon trap: reason=bimorphic action=maybe_recompile pc=0x0000000002afa558 method=java.util.HashMap.putVal(ILjava/lang/Object;Ljava/lang/Object;ZZ)Ljava/lang/Object; @ 253
Event: 2.348 Thread 0x0000000018776000 Uncommon trap: reason=unstable_if action=reinterpret pc=0x0000000002d83f14 method=java.util.concurrent.ConcurrentHashMap.addCount(JI)V @ 168
Event: 2.468 Thread 0x000000001af85800 Uncommon trap: reason=class_check action=maybe_recompile pc=0x0000000002b94498 method=java.util.regex.Matcher.match(II)Z @ 86
Event: 2.478 Thread 0x000000001af85800 Uncommon trap: reason=class_check action=maybe_recompile pc=0x0000000002b94498 method=java.util.regex.Matcher.match(II)Z @ 86
Event: 2.478 Thread 0x000000001af85800 Uncommon trap: reason=class_check action=maybe_recompile pc=0x0000000002b94498 method=java.util.regex.Matcher.match(II)Z @ 86
Event: 2.478 Thread 0x000000001af85800 Uncommon trap: reason=class_check action=maybe_recompile pc=0x0000000002a21b5c method=java.util.regex.Matcher.match(II)Z @ 86

Classes redefined (0 events):
No events

Internal exceptions (10 events):
Event: 2.119 Thread 0x000000001ae31800 Exception <a 'java/lang/NoSuchMethodError': <clinit>> (0x00000000e168c5a8) thrown at [D:\src\AOSP-openjdk-cygwin\jdk8u\hotspot\src\share\vm\prims\jni.cpp, line 1614]
Event: 2.123 Thread 0x000000001ae31800 Exception <a 'java/lang/NoSuchMethodError': <clinit>> (0x00000000e169f898) thrown at [D:\src\AOSP-openjdk-cygwin\jdk8u\hotspot\src\share\vm\prims\jni.cpp, line 1614]
Event: 2.128 Thread 0x000000001ae31800 Exception <a 'java/lang/NoSuchMethodError': <clinit>> (0x00000000e16c6b58) thrown at [D:\src\AOSP-openjdk-cygwin\jdk8u\hotspot\src\share\vm\prims\jni.cpp, line 1614]
Event: 2.131 Thread 0x000000001ae31800 Exception <a 'java/lang/NoSuchMethodError': <clinit>> (0x00000000e16dea08) thrown at [D:\src\AOSP-openjdk-cygwin\jdk8u\hotspot\src\share\vm\prims\jni.cpp, line 1614]
Event: 2.132 Thread 0x000000001ae31800 Exception <a 'java/lang/NoSuchMethodError': <clinit>> (0x00000000e16e7698) thrown at [D:\src\AOSP-openjdk-cygwin\jdk8u\hotspot\src\share\vm\prims\jni.cpp, line 1614]
Event: 2.134 Thread 0x000000001ae31800 Exception <a 'java/lang/NoSuchMethodError': <clinit>> (0x00000000e16fdb80) thrown at [D:\src\AOSP-openjdk-cygwin\jdk8u\hotspot\src\share\vm\prims\jni.cpp, line 1614]
Event: 2.145 Thread 0x000000001ae31800 Exception <a 'java/lang/NoSuchMethodError': <clinit>> (0x00000000e175b8a0) thrown at [D:\src\AOSP-openjdk-cygwin\jdk8u\hotspot\src\share\vm\prims\jni.cpp, line 1614]
Event: 2.153 Thread 0x000000001ae31800 Exception <a 'java/lang/NoSuchMethodError': <clinit>> (0x00000000e17884c0) thrown at [D:\src\AOSP-openjdk-cygwin\jdk8u\hotspot\src\share\vm\prims\jni.cpp, line 1614]
Event: 2.158 Thread 0x000000001ae31800 Exception <a 'java/lang/NoSuchMethodError': <clinit>> (0x00000000e17b67a8) thrown at [D:\src\AOSP-openjdk-cygwin\jdk8u\hotspot\src\share\vm\prims\jni.cpp, line 1614]
Event: 2.159 Thread 0x000000001ae31800 Exception <a 'java/lang/NoSuchMethodError': <clinit>> (0x00000000e17c1bb0) thrown at [D:\src\AOSP-openjdk-cygwin\jdk8u\hotspot\src\share\vm\prims\jni.cpp, line 1614]

Events (10 events):
Event: 2.548 loading class org/gradle/api/internal/artifacts/DependencyManagementBuildScopeServices
Event: 2.548 loading class org/gradle/api/internal/artifacts/DependencyManagementBuildScopeServices done
Event: 2.550 loading class org/gradle/api/internal/artifacts/ivyservice/resolveengine/result/AttributeContainerSerializer
Event: 2.550 loading class org/gradle/api/internal/artifacts/ivyservice/resolveengine/result/AttributeContainerSerializer done
Event: 2.550 loading class org/gradle/api/internal/artifacts/ivyservice/modulecache/dynamicversions/AbstractModuleVersionsCache
Event: 2.550 loading class org/gradle/api/internal/artifacts/ivyservice/modulecache/dynamicversions/AbstractModuleVersionsCache done
Event: 2.551 loading class org/gradle/api/internal/artifacts/ivyservice/modulecache/dynamicversions/ModuleVersionsCache
Event: 2.551 loading class org/gradle/api/internal/artifacts/ivyservice/modulecache/dynamicversions/ModuleVersionsCache done
Event: 2.551 loading class org/gradle/api/internal/artifacts/ivyservice/modulecache/dynamicversions/DefaultModuleVersionsCache
Event: 2.551 loading class org/gradle/api/internal/artifacts/ivyservice/modulecache/dynamicversions/DefaultModuleVersionsCache done


Dynamic libraries:
0x00007ff6ef060000 - 0x00007ff6ef091000 	D:\Program Files\Android\Android Studio\jre\bin\java.exe
0x00007ffa5f940000 - 0x00007ffa5fb30000 	C:\Windows\SYSTEM32\ntdll.dll
0x00007ffa5e280000 - 0x00007ffa5e332000 	C:\Windows\System32\KERNEL32.DLL
0x00007ffa5d690000 - 0x00007ffa5d933000 	C:\Windows\System32\KERNELBASE.dll
0x00007ffa5e6e0000 - 0x00007ffa5e783000 	C:\Windows\System32\ADVAPI32.dll
0x00007ffa5de80000 - 0x00007ffa5df1e000 	C:\Windows\System32\msvcrt.dll
0x00007ffa5e4a0000 - 0x00007ffa5e537000 	C:\Windows\System32\sechost.dll
0x00007ffa5ed60000 - 0x00007ffa5ee80000 	C:\Windows\System32\RPCRT4.dll
0x00007ffa5e540000 - 0x00007ffa5e6d4000 	C:\Windows\System32\USER32.dll
0x00007ffa5cc40000 - 0x00007ffa5cc61000 	C:\Windows\System32\win32u.dll
0x00007ffa5f790000 - 0x00007ffa5f7b6000 	C:\Windows\System32\GDI32.dll
0x00007ffa5ca00000 - 0x00007ffa5cb94000 	C:\Windows\System32\gdi32full.dll
0x00007ffa5cba0000 - 0x00007ffa5cc3e000 	C:\Windows\System32\msvcp_win.dll
0x00007ffa5ce10000 - 0x00007ffa5cf0a000 	C:\Windows\System32\ucrtbase.dll
0x00007ffa517f0000 - 0x00007ffa51a75000 	C:\Windows\WinSxS\amd64_microsoft.windows.common-controls_6595b64144ccf1df_6.0.18362.778_none_e6c6b761130d4fb8\COMCTL32.dll
0x00007ffa5df30000 - 0x00007ffa5e266000 	C:\Windows\System32\combase.dll
0x00007ffa5c980000 - 0x00007ffa5ca00000 	C:\Windows\System32\bcryptPrimitives.dll
0x00007ffa5e470000 - 0x00007ffa5e49e000 	C:\Windows\System32\IMM32.DLL
0x0000000052250000 - 0x0000000052322000 	D:\Program Files\Android\Android Studio\jre\jre\bin\msvcr100.dll
0x0000000052410000 - 0x0000000052c56000 	D:\Program Files\Android\Android Studio\jre\jre\bin\server\jvm.dll
0x00007ffa5ecd0000 - 0x00007ffa5ecd8000 	C:\Windows\System32\PSAPI.DLL
0x00007ffa52680000 - 0x00007ffa52689000 	C:\Windows\SYSTEM32\WSOCK32.dll
0x00007ffa5efc0000 - 0x00007ffa5f02f000 	C:\Windows\System32\WS2_32.dll
0x00007ffa58bc0000 - 0x00007ffa58be4000 	C:\Windows\SYSTEM32\WINMM.dll
0x00007ffa57390000 - 0x00007ffa5739a000 	C:\Windows\SYSTEM32\VERSION.dll
0x00007ffa58b90000 - 0x00007ffa58bbd000 	C:\Windows\SYSTEM32\winmmbase.dll
0x00007ffa5d9a0000 - 0x00007ffa5d9ea000 	C:\Windows\System32\cfgmgr32.dll
0x00007ffa4bc30000 - 0x00007ffa4bc3f000 	D:\Program Files\Android\Android Studio\jre\jre\bin\verify.dll
0x00007ffa4ba90000 - 0x00007ffa4bab9000 	D:\Program Files\Android\Android Studio\jre\jre\bin\java.dll
0x00007ffa4ba70000 - 0x00007ffa4ba86000 	D:\Program Files\Android\Android Studio\jre\jre\bin\zip.dll
0x00007ffa5f030000 - 0x00007ffa5f715000 	C:\Windows\System32\SHELL32.dll
0x00007ffa5e790000 - 0x00007ffa5e839000 	C:\Windows\System32\shcore.dll
0x00007ffa5cf10000 - 0x00007ffa5d690000 	C:\Windows\System32\windows.storage.dll
0x00007ffa5c810000 - 0x00007ffa5c833000 	C:\Windows\System32\profapi.dll
0x00007ffa5c880000 - 0x00007ffa5c8ca000 	C:\Windows\System32\powrprof.dll
0x00007ffa5c800000 - 0x00007ffa5c810000 	C:\Windows\System32\UMPDC.dll
0x00007ffa5f820000 - 0x00007ffa5f872000 	C:\Windows\System32\shlwapi.dll
0x00007ffa5c860000 - 0x00007ffa5c871000 	C:\Windows\System32\kernel.appcore.dll
0x00007ffa5cdf0000 - 0x00007ffa5ce07000 	C:\Windows\System32\cryptsp.dll
0x00007ffa4b970000 - 0x00007ffa4b98a000 	D:\Program Files\Android\Android Studio\jre\jre\bin\net.dll
0x00007ffa4c570000 - 0x00007ffa4c745000 	C:\Windows\SYSTEM32\urlmon.dll
0x00007ffa4efa0000 - 0x00007ffa4f246000 	C:\Windows\SYSTEM32\iertutil.dll
0x00007ffa5c240000 - 0x00007ffa5c24c000 	C:\Windows\SYSTEM32\CRYPTBASE.DLL
0x00007ffa5c070000 - 0x00007ffa5c0d7000 	C:\Windows\system32\mswsock.dll
0x00007ffa4b630000 - 0x00007ffa4b643000 	D:\Program Files\Android\Android Studio\jre\jre\bin\nio.dll
0x00007ffa49a90000 - 0x00007ffa49ab6000 	C:\Gradle\native\30\windows-amd64\native-platform.dll
0x00007ffa4bc20000 - 0x00007ffa4bc2d000 	D:\Program Files\Android\Android Studio\jre\jre\bin\management.dll
0x00007ffa5bbe0000 - 0x00007ffa5bc13000 	C:\Windows\system32\rsaenh.dll
0x00007ffa5cdc0000 - 0x00007ffa5cde6000 	C:\Windows\System32\bcrypt.dll
0x00007ffa5c720000 - 0x00007ffa5c745000 	C:\Windows\SYSTEM32\USERENV.dll
0x00007ffa5bd80000 - 0x00007ffa5bdba000 	C:\Windows\SYSTEM32\IPHLPAPI.DLL
0x00007ffa5e270000 - 0x00007ffa5e278000 	C:\Windows\System32\NSI.dll
0x00007ffa54da0000 - 0x00007ffa54db6000 	C:\Windows\SYSTEM32\dhcpcsvc6.DLL
0x00007ffa553f0000 - 0x00007ffa5540c000 	C:\Windows\SYSTEM32\dhcpcsvc.DLL
0x00007ffa5bdc0000 - 0x00007ffa5be8a000 	C:\Windows\SYSTEM32\DNSAPI.dll

VM Arguments:
jvm_args: -Xmx1536m -Dfile.encoding=windows-1252 -Duser.country=FR -Duser.language=fr -Duser.variant 
java_command: org.gradle.launcher.daemon.bootstrap.GradleDaemon 5.6.4
java_class_path (initial): C:\Gradle\wrapper\dists\gradle-5.6.4-all\ankdp27end7byghfw1q2sw75f\gradle-5.6.4\lib\gradle-launcher-5.6.4.jar
Launcher Type: SUN_STANDARD

Environment Variables:
PATH=C:\Program Files (x86)\Razer Chroma SDK\bin;C:\Program Files\Razer Chroma SDK\bin;C:\Program Files (x86)\Razer\ChromaBroadcast\bin;C:\Program Files\Razer\ChromaBroadcast\bin;C:\Python38\Scripts\;C:\Python38\;C:\Program Files (x86)\Common Files\Oracle\Java\javapath;C:\Windows\system32;C:\Windows;C:\Windows\System32\Wbem;C:\Windows\System32\WindowsPowerShell\v1.0\;C:\Windows\System32\OpenSSH\;C:\Program Files (x86)\NVIDIA Corporation\PhysX\Common;C:\Program Files\NVIDIA Corporation\NVIDIA NvDLISR;D:\Program Files\NodeJS\;C:\ProgramData\chocolatey\bin;D:\Program Files (x86)\IncrediBuild;C:\Program Files\dotnet\;C:\Gradle\bin;C:\Users\Greg9\AppData\Local\Android\SDK\tools;C:\Users\Greg9\AppData\Local\Android\SDK\platform-tools;C:\Users\Greg9\AppData\Local\Microsoft\WindowsApps;C:\Users\Greg9\AppData\Roaming\npm;C:\PHP\;C:\Users\Greg9\.dotnet\tools;C:\Program Files (x86)\Windows Live\Shared;C:\Users\Greg9\AppData\Local\Microsoft\WindowsApps;C:\Users\Greg9\AppData\Roaming\npm
USERNAME=Greg9
OS=Windows_NT
PROCESSOR_IDENTIFIER=Intel64 Family 6 Model 158 Stepping 10, GenuineIntel



---------------  S Y S T E M  ---------------

OS: Windows 10.0 , 64 bit Build 18362 (10.0.18362.778)

CPU:total 8 (initial active 8) (4 cores per cpu, 2 threads per core) family 6 model 158 stepping 10, cmov, cx8, fxsr, mmx, sse, sse2, sse3, ssse3, sse4.1, sse4.2, popcnt, avx, avx2, aes, clmul, erms, 3dnowpref, lzcnt, ht, tsc, tscinvbit, bmi1, bmi2, adx

Memory: 4k page, physical 8227444k(137620k free), swap 24628888k(176k free)

vm_info: OpenJDK 64-Bit Server VM (25.212-b04) for windows-amd64 JRE (1.8.0_212-release-1586-b04), built by "builder" with MS VC++ 10.0 (VS2010)

time: Fri May 15 14:18:11 2020
timezone: Paris, Madrid (heure d’été)
elapsed time: 2 seconds (0d 0h 0m 2s)

